Release 14.7 - xst P.20131013 (nt64)
Copyright (c) 1995-2013 Xilinx, Inc.  All rights reserved.
--> Parameter TMPDIR set to xst/projnav.tmp


Total REAL time to Xst completion: 1.00 secs
Total CPU time to Xst completion: 0.44 secs
 
--> Parameter xsthdpdir set to xst


Total REAL time to Xst completion: 1.00 secs
Total CPU time to Xst completion: 0.45 secs
 
--> Reading design: hvsync_generator.prj

TABLE OF CONTENTS
  1) Synthesis Options Summary
  2) HDL Compilation
  3) Design Hierarchy Analysis
  4) HDL Analysis
  5) HDL Synthesis
     5.1) HDL Synthesis Report
  6) Advanced HDL Synthesis
     6.1) Advanced HDL Synthesis Report
  7) Low Level Synthesis
  8) Partition Report
  9) Final Report
	9.1) Device utilization summary
	9.2) Partition Resource Summary
	9.3) TIMING REPORT


=========================================================================
*                      Synthesis Options Summary                        *
=========================================================================
---- Source Parameters
Input File Name                    : "hvsync_generator.prj"
Input Format                       : mixed
Ignore Synthesis Constraint File   : NO

---- Target Parameters
Output File Name                   : "hvsync_generator"
Output Format                      : NGC
Target Device                      : xc3s500e-4-fg320

---- Source Options
Top Module Name                    : hvsync_generator
Automatic FSM Extraction           : YES
FSM Encoding Algorithm             : Auto
Safe Implementation                : No
FSM Style                          : LUT
RAM Extraction                     : Yes
RAM Style                          : Auto
ROM Extraction                     : Yes
Mux Style                          : Auto
Decoder Extraction                 : YES
Priority Encoder Extraction        : Yes
Shift Register Extraction          : YES
Logical Shifter Extraction         : YES
XOR Collapsing                     : YES
ROM Style                          : Auto
Mux Extraction                     : Yes
Resource Sharing                   : YES
Asynchronous To Synchronous        : NO
Multiplier Style                   : Auto
Automatic Register Balancing       : No

---- Target Options
Add IO Buffers                     : YES
Global Maximum Fanout              : 500
Add Generic Clock Buffer(BUFG)     : 24
Register Duplication               : YES
Slice Packing                      : YES
Optimize Instantiated Primitives   : NO
Use Clock Enable                   : Yes
Use Synchronous Set                : Yes
Use Synchronous Reset              : Yes
Pack IO Registers into IOBs        : Auto
Equivalent register Removal        : YES

---- General Options
Optimization Goal                  : Speed
Optimization Effort                : 1
Keep Hierarchy                     : No
Netlist Hierarchy                  : As_Optimized
RTL Output                         : Yes
Global Optimization                : AllClockNets
Read Cores                         : YES
Write Timing Constraints           : NO
Cross Clock Analysis               : NO
Hierarchy Separator                : /
Bus Delimiter                      : <>
Case Specifier                     : Maintain
Slice Utilization Ratio            : 100
BRAM Utilization Ratio             : 100
Verilog 2001                       : YES
Auto BRAM Packing                  : NO
Slice Utilization Ratio Delta      : 5

=========================================================================


=========================================================================
*                          HDL Compilation                              *
=========================================================================
Compiling verilog file "hvsync_generator.v" in library work
Module <hvsync_generator> compiled
No errors in compilation
Analysis of file <"hvsync_generator.prj"> succeeded.
 

=========================================================================
*                     Design Hierarchy Analysis                         *
=========================================================================
Analyzing hierarchy for module <hvsync_generator> in library <work>.


=========================================================================
*                            HDL Analysis                               *
=========================================================================
Analyzing top module <hvsync_generator>.
Module <hvsync_generator> is correct for synthesis.
 

=========================================================================
*                           HDL Synthesis                               *
=========================================================================

Performing bidirectional port resolution...

Synthesizing Unit <hvsync_generator>.
    Related source file is "hvsync_generator.v".
    Found 10-bit up counter for signal <CounterX>.
    Found 10-bit up counter for signal <CounterY>.
    Found 1-bit register for signal <inDisplayArea>.
    Found 3-bit register for signal <pixel>.
    Found 10-bit comparator less for signal <inDisplayArea$cmp_lt0000> created at line 93.
    Found 10-bit comparator less for signal <inDisplayArea$cmp_lt0001> created at line 93.
    Found 1-bit register for signal <vga_HS>.
    Found 10-bit comparator greater for signal <vga_HS$cmp_gt0000> created at line 80.
    Found 10-bit comparator less for signal <vga_HS$cmp_lt0000> created at line 80.
    Found 1-bit register for signal <vga_VS>.
    Found 10-bit comparator greater for signal <vga_VS$cmp_gt0000> created at line 81.
    Found 10-bit comparator less for signal <vga_VS$cmp_lt0000> created at line 81.
    Summary:
	inferred   2 Counter(s).
	inferred   6 D-type flip-flop(s).
	inferred   6 Comparator(s).
Unit <hvsync_generator> synthesized.


=========================================================================
HDL Synthesis Report

Macro Statistics
# Counters                                             : 2
 10-bit up counter                                     : 2
# Registers                                            : 6
 1-bit register                                        : 6
# Comparators                                          : 6
 10-bit comparator greater                             : 2
 10-bit comparator less                                : 4

=========================================================================

=========================================================================
*                       Advanced HDL Synthesis                          *
=========================================================================


=========================================================================
Advanced HDL Synthesis Report

Macro Statistics
# Counters                                             : 2
 10-bit up counter                                     : 2
# Registers                                            : 6
 Flip-Flops                                            : 6
# Comparators                                          : 6
 10-bit comparator greater                             : 2
 10-bit comparator less                                : 4

=========================================================================

=========================================================================
*                         Low Level Synthesis                           *
=========================================================================

Optimizing unit <hvsync_generator> ...

Mapping all equations...
Building and optimizing final netlist ...
Found area constraint ratio of 100 (+ 5) on block hvsync_generator, actual ratio is 0.

Final Macro Processing ...

=========================================================================
Final Register Report

Macro Statistics
# Registers                                            : 26
 Flip-Flops                                            : 26

=========================================================================

=========================================================================
*                           Partition Report                            *
=========================================================================

Partition Implementation Status
-------------------------------

  No Partitions were found in this design.

-------------------------------

=========================================================================
*                            Final Report                               *
=========================================================================
Final Results
RTL Top Level Output File Name     : hvsync_generator.ngr
Top Level Output File Name         : hvsync_generator
Output Format                      : NGC
Optimization Goal                  : Speed
Keep Hierarchy                     : No

Design Statistics
# IOs                              : 27

Cell Usage :
# BELS                             : 84
#      GND                         : 1
#      INV                         : 5
#      LUT1                        : 18
#      LUT2                        : 4
#      LUT3                        : 2
#      LUT4                        : 10
#      LUT4_D                      : 1
#      LUT4_L                      : 3
#      MUXCY                       : 18
#      MUXF5                       : 1
#      VCC                         : 1
#      XORCY                       : 20
# FlipFlops/Latches                : 26
#      FDR                         : 16
#      FDRE                        : 10
# Clock Buffers                    : 1
#      BUFGP                       : 1
# IO Buffers                       : 26
#      OBUF                        : 26
=========================================================================

Device utilization summary:
---------------------------

Selected Device : 3s500efg320-4 

 Number of Slices:                       21  out of   4656     0%  
 Number of Slice Flip Flops:             26  out of   9312     0%  
 Number of 4 input LUTs:                 43  out of   9312     0%  
 Number of IOs:                          27
 Number of bonded IOBs:                  27  out of    232    11%  
 Number of GCLKs:                         1  out of     24     4%  

---------------------------
Partition Resource Summary:
---------------------------

  No Partitions were found in this design.

---------------------------


=========================================================================
TIMING REPORT

NOTE: THESE TIMING NUMBERS ARE ONLY A SYNTHESIS ESTIMATE.
      FOR ACCURATE TIMING INFORMATION PLEASE REFER TO THE TRACE REPORT
      GENERATED AFTER PLACE-and-ROUTE.

Clock Information:
------------------
-----------------------------------+------------------------+-------+
Clock Signal                       | Clock buffer(FF name)  | Load  |
-----------------------------------+------------------------+-------+
clk                                | BUFGP                  | 26    |
-----------------------------------+------------------------+-------+

Asynchronous Control Signals Information:
----------------------------------------
No asynchronous control signals found in this design

Timing Summary:
---------------
Speed Grade: -4

   Minimum period: 6.816ns (Maximum Frequency: 146.714MHz)
   Minimum input arrival time before clock: No path found
   Maximum output required time after clock: 5.407ns
   Maximum combinational path delay: No path found

Timing Detail:
--------------
All values displayed in nanoseconds (ns)

=========================================================================
Timing constraint: Default period analysis for Clock 'clk'
  Clock period: 6.816ns (frequency: 146.714MHz)
  Total number of paths / destination ports: 563 / 61
-------------------------------------------------------------------------
Delay:               6.816ns (Levels of Logic = 3)
  Source:            CounterX_3 (FF)
  Destination:       CounterY_0 (FF)
  Source Clock:      clk rising
  Destination Clock: clk rising

  Data Path: CounterX_3 to CounterY_0
                                Gate     Net
    Cell:in->out      fanout   Delay   Delay  Logical Name (Net Name)
    ----------------------------------------  ------------
     FDR:C->Q              3   0.591   0.706  CounterX_3 (CounterX_3)
     LUT4:I0->O            2   0.704   0.482  CounterY_and0000112 (N111)
     LUT4:I2->O           21   0.704   1.132  CounterY_and00001 (CounterXmaxed)
     LUT4:I3->O           10   0.704   0.882  CounterY_and000051 (CounterY_and0000)
     FDRE:R                    0.911          CounterY_0
    ----------------------------------------
    Total                      6.816ns (3.614ns logic, 3.202ns route)
                                       (53.0% logic, 47.0% route)

=========================================================================
Timing constraint: Default OFFSET OUT AFTER for Clock 'clk'
  Total number of paths / destination ports: 26 / 26
-------------------------------------------------------------------------
Offset:              5.407ns (Levels of Logic = 2)
  Source:            vga_VS (FF)
  Destination:       vga_v_sync (PAD)
  Source Clock:      clk rising

  Data Path: vga_VS to vga_v_sync
                                Gate     Net
    Cell:in->out      fanout   Delay   Delay  Logical Name (Net Name)
    ----------------------------------------  ------------
     FDR:C->Q              1   0.591   0.420  vga_VS (vga_VS)
     INV:I->O              1   0.704   0.420  vga_v_sync1_INV_0 (vga_v_sync_OBUF)
     OBUF:I->O                 3.272          vga_v_sync_OBUF (vga_v_sync)
    ----------------------------------------
    Total                      5.407ns (4.567ns logic, 0.840ns route)
                                       (84.5% logic, 15.5% route)

=========================================================================


Total REAL time to Xst completion: 9.00 secs
Total CPU time to Xst completion: 8.43 secs
 
--> 

Total memory usage is 4468664 kilobytes

Number of errors   :    0 (   0 filtered)
Number of warnings :    0 (   0 filtered)
Number of infos    :    0 (   0 filtered)

